xGame/app/build/outputs/logs/manifest-merger-debug-report.txt
-- Merging decision tree log ---
manifest
ADDED from src/main/AndroidManifest.xml:1:1-54:12
	package
		ADDED from src/main/AndroidManifest.xml:2:5-33
		INJECTED from src/main/AndroidManifest.xml
		INJECTED from src/main/AndroidManifest.xml
	android:versionName
		ADDED from src/main/AndroidManifest.xml:4:5-30
	android:versionCode
		ADDED from src/main/AndroidManifest.xml:3:5-28
		INJECTED from src/main/AndroidManifest.xml
		INJECTED from src/main/AndroidManifest.xml
	xmlns:android
		ADDED from src/main/AndroidManifest.xml:1:11-69
meta-data#com.google.android.gms.version
ADDED from src/main/AndroidManifest.xml:6:5-7:8
	android:name
		ADDED from src/main/AndroidManifest.xml:6:16-61
uses-sdk
ADDED from src/main/AndroidManifest.xml:9:5-11:41
MERGED from [com.actionbarsherlock:actionbarsherlock:4.4.0] AndroidManifest.xml:3:3-70
	android:targetSdkVersion
		ADDED from src/main/AndroidManifest.xml:11:9-38
		INJECTED from src/main/AndroidManifest.xml
		INJECTED from src/main/AndroidManifest.xml
	android:minSdkVersion
		ADDED from src/main/AndroidManifest.xml:10:9-35
		INJECTED from src/main/AndroidManifest.xml
		INJECTED from src/main/AndroidManifest.xml
supports-screens
ADDED from src/main/AndroidManifest.xml:13:5-63
	android:requiresSmallestWidthDp
		ADDED from src/main/AndroidManifest.xml:13:23-60
uses-permission#android.permission.ACCESS_FINE_LOCATION
ADDED from src/main/AndroidManifest.xml:15:5-78
	android:name
		ADDED from src/main/AndroidManifest.xml:15:22-76
uses-permission#android.permission.INTERNET
ADDED from src/main/AndroidManifest.xml:16:5-67
	android:name
		ADDED from src/main/AndroidManifest.xml:16:22-64
uses-permission#android.permission.READ_PHONE_STATE
ADDED from src/main/AndroidManifest.xml:17:5-75
	android:name
		ADDED from src/main/AndroidManifest.xml:17:22-72
uses-permission#android.permission.WRITE_EXTERNAL_STORAGE
ADDED from src/main/AndroidManifest.xml:18:5-80
	android:name
		ADDED from src/main/AndroidManifest.xml:18:22-78
application
ADDED from src/main/AndroidManifest.xml:20:5-52:19
MERGED from [com.actionbarsherlock:actionbarsherlock:4.4.0] AndroidManifest.xml:4:3-17
	android:label
		ADDED from src/main/AndroidManifest.xml:23:9-41
	android:allowBackup
		ADDED from src/main/AndroidManifest.xml:21:9-35
	android:icon
		ADDED from src/main/AndroidManifest.xml:22:9-38
	android:theme
		ADDED from src/main/AndroidManifest.xml:24:9-40
activity#uencom.xgame.demos.DemosLauncher
ADDED from src/main/AndroidManifest.xml:26:9-28:20
	android:name
		ADDED from src/main/AndroidManifest.xml:26:19-66
activity#uencom.xgame.demos.SpeechandSoundDemo
ADDED from src/main/AndroidManifest.xml:29:9-83
	android:name
		ADDED from src/main/AndroidManifest.xml:29:19-71
activity#uencom.xgame.demos.GesturesDemo
ADDED from src/main/AndroidManifest.xml:30:9-77
	android:name
		ADDED from src/main/AndroidManifest.xml:30:19-65
activity#uencom.xgame.demos.SensorsDemo
ADDED from src/main/AndroidManifest.xml:31:9-76
	android:name
		ADDED from src/main/AndroidManifest.xml:31:19-64
service#uencom.xgame.sensors.AddressFetcher
ADDED from src/main/AndroidManifest.xml:32:9-79
	android:name
		ADDED from src/main/AndroidManifest.xml:32:18-68
activity#uencom.xgame.demos.TTSDemo
ADDED from src/main/AndroidManifest.xml:33:9-72
	android:name
		ADDED from src/main/AndroidManifest.xml:33:19-60
activity#uencom.xgame.engine.xGameParser
ADDED from src/main/AndroidManifest.xml:34:9-77
	android:name
		ADDED from src/main/AndroidManifest.xml:34:19-65
activity#uencom.xgame.demos.Splash
ADDED from src/main/AndroidManifest.xml:35:9-71
	android:name
		ADDED from src/main/AndroidManifest.xml:35:19-59
activity#uencom.xgame.engine.MainView
ADDED from src/main/AndroidManifest.xml:36:9-74
	android:name
		ADDED from src/main/AndroidManifest.xml:36:19-62
activity#uencom.xgame.engine.DownlodView
ADDED from src/main/AndroidManifest.xml:37:9-38:79
	android:theme
		ADDED from src/main/AndroidManifest.xml:38:13-67
	android:name
		ADDED from src/main/AndroidManifest.xml:37:19-65
activity#uencom.xgame.engine.GameView
ADDED from src/main/AndroidManifest.xml:39:9-74
	android:name
		ADDED from src/main/AndroidManifest.xml:39:19-62
activity#uencom.xgame.engine.GameOver
ADDED from src/main/AndroidManifest.xml:40:9-74
	android:name
		ADDED from src/main/AndroidManifest.xml:40:19-62
activity#uencom.xgame.engine.LoginOrRegister
ADDED from src/main/AndroidManifest.xml:41:9-81
	android:name
		ADDED from src/main/AndroidManifest.xml:41:19-69
activity#uencom.xgame.engine.Login
ADDED from src/main/AndroidManifest.xml:42:9-71
	android:name
		ADDED from src/main/AndroidManifest.xml:42:19-59
activity#uencom.xgame.engine.Register
ADDED from src/main/AndroidManifest.xml:43:9-74
	android:name
		ADDED from src/main/AndroidManifest.xml:43:19-62
activity#uencom.xgame.engine.SplashActivity
ADDED from src/main/AndroidManifest.xml:44:9-49:20
	android:name
		ADDED from src/main/AndroidManifest.xml:44:19-68
intent-filter#android.intent.action.MAIN+android.intent.category.LAUNCHER
ADDED from src/main/AndroidManifest.xml:45:13-48:29
action#android.intent.action.MAIN
ADDED from src/main/AndroidManifest.xml:46:17-68
	android:name
		ADDED from src/main/AndroidManifest.xml:46:25-66
category#android.intent.category.LAUNCHER
ADDED from src/main/AndroidManifest.xml:47:17-76
	android:name
		ADDED from src/main/AndroidManifest.xml:47:27-74